build/app/outputs/mapping/release/seeds.txt
com.example.main.MainActivity
com.example.main.MainActivity: MainActivity()
...
androidx.window.embedding.ExtensionEmbeddingBackend$EmbeddingCallbackImpl: ExtensionEmbeddingBackend$EmbeddingCallbackImpl(androidx.window.embedding.ExtensionEmbeddingBackend)
io.flutter.embedding.engine.renderer.SurfaceTextureWrapper: SurfaceTextureWrapper(android.graphics.SurfaceTexture)
kotlin.jvm.internal.CallableReference: boolean isSuspend()
androidx.window.layout.FoldingFeature: androidx.window.layout.FoldingFeature$State getState()
androidx.window.layout.SidecarWindowBackend$Companion: SidecarWindowBackend$Companion(kotlin.jvm.internal.DefaultConstructorMarker)
androidx.window.layout.HardwareFoldingFeature: androidx.window.layout.FoldingFeature$OcclusionType getOcclusionType()
kotlin.jvm.internal.CallableReference: CallableReference()
androidx.window.layout.ActivityCompatHelperApi30: ActivityCompatHelperApi30()
io.flutter.embedding.engine.FlutterJNI: void nativeSurfaceDestroyed(long)
io.flutter.embedding.engine.FlutterJNI: void handlePlatformMessageResponse(int,java.nio.ByteBuffer)
io.flutter.embedding.engine.FlutterJNI: void setViewportMetrics(float,int,int,int,int,int,int,int,int,int,int,int,int,int,int,int,int[],int[],int[])
androidx.window.layout.SidecarWindowBackend: void access$setGlobalInstance$cp(androidx.window.layout.SidecarWindowBackend)
io.flutter.plugin.platform.SingleViewPresentation: io.flutter.plugin.platform.PlatformView getView()
io.flutter.embedding.engine.FlutterJNI: void ensureNotAttachedToNative()
androidx.window.layout.SidecarCompat$FirstAttachAdapter: SidecarCompat$FirstAttachAdapter(androidx.window.layout.SidecarCompat,android.app.Activity)
io.flutter.embedding.engine.FlutterJNI: boolean isCodePointEmoji(int)
kotlin.jvm.internal.FunctionReference: boolean equals(java.lang.Object)
androidx.window.embedding.SplitController: java.util.concurrent.locks.ReentrantLock access$getGlobalLock$cp()
androidx.window.layout.WindowBackend: void unregisterLayoutChangeCallback(androidx.core.util.Consumer)
androidx.window.core.Version: int getMajor()
androidx.window.embedding.ActivityRule: int hashCode()
androidx.lifecycle.Lifecycle$Event: androidx.lifecycle.Lifecycle$Event[] values()
androidx.window.layout.SidecarAdapter$Companion: SidecarAdapter$Companion(kotlin.jvm.internal.DefaultConstructorMarker)
androidx.core.app.RemoteActionCompat: RemoteActionCompat()
androidx.window.layout.HardwareFoldingFeature$Type$Companion: androidx.window.layout.HardwareFoldingFeature$Type getFOLD()
io.flutter.embedding.engine.FlutterJNI: void prefetchDefaultFontManager()
androidx.window.embedding.ActivityFilter: boolean matchesIntent(android.content.Intent)
io.flutter.embedding.engine.FlutterJNI: void invokePlatformMessageEmptyResponseCallback(int)
androidx.window.layout.WindowLayoutInfo: java.util.List getDisplayFeatures()
androidx.window.embedding.SplitPairRule: int hashCode()
io.flutter.embedding.engine.FlutterJNI: io.flutter.view.FlutterCallbackInformation nativeLookupCallbackInformation(long)
io.flutter.plugin.editing.ImeSyncDeferringInsetsCallback$AnimationCallback: void onPrepare(android.view.WindowInsetsAnimation)
kotlin.jvm.internal.FunctionReference: int getArity()
androidx.window.embedding.SplitController: void initialize(android.content.Context,int)
io.flutter.embedding.engine.FlutterJNI: void removeIsDisplayingFlutterUiListener(io.flutter.embedding.engine.renderer.FlutterUiDisplayListener)
androidx.window.embedding.ExtensionEmbeddingBackend$Companion: ExtensionEmbeddingBackend$Companion(kotlin.jvm.internal.DefaultConstructorMarker)
androidx.window.embedding.ActivityRule: boolean getAlwaysExpand()
io.flutter.embedding.engine.renderer.SurfaceTextureWrapper: android.graphics.SurfaceTexture surfaceTexture()
io.flutter.embedding.engine.FlutterJNI: void dispatchPlatformMessage(java.lang.String,java.nio.ByteBuffer,int,int)
io.flutter.plugin.editing.ImeSyncDeferringInsetsCallback: android.view.View$OnApplyWindowInsetsListener getInsetsListener()