build/app/outputs/mapping/release/mapping.txt
# compiler: R8
# compiler_version: 3.1.66
# min_api: 16
# pg_map_id: 628ef33
# common_typos_disable
# {"id":"com.android.tools.r8.mapping","version":"1.0"}
...
kotlinx.coroutines.ExceptionsKt -> r0.e1:
    java.util.concurrent.CancellationException CancellationException(java.lang.String,java.lang.Throwable) -> a
kotlinx.coroutines.ExecutorCoroutineDispatcher -> r0.f1:
    kotlinx.coroutines.ExecutorCoroutineDispatcher$Key Key -> e
kotlinx.coroutines.ExecutorCoroutineDispatcher$Key -> r0.f1$a:
kotlinx.coroutines.ExecutorCoroutineDispatcher$Key$1 -> r0.f1$a$a:
    kotlinx.coroutines.ExecutorCoroutineDispatcher$Key$1 INSTANCE -> d
    kotlinx.coroutines.ExecutorCoroutineDispatcher invoke(kotlin.coroutines.CoroutineContext$Element) -> a
kotlinx.coroutines.ExecutorCoroutineDispatcherImpl -> r0.g1:
    java.util.concurrent.Executor executor -> f
    void dispatch(kotlin.coroutines.CoroutineContext,java.lang.Runnable) -> h
    void cancelJobOnRejection(kotlin.coroutines.CoroutineContext,java.util.concurrent.RejectedExecutionException) -> o
    java.util.concurrent.Executor getExecutor() -> q
kotlinx.coroutines.ExecutorsKt -> r0.h1:
    kotlinx.coroutines.CoroutineDispatcher from(java.util.concurrent.Executor) -> a
kotlinx.coroutines.InactiveNodeList -> r0.i1:
    kotlinx.coroutines.NodeList list -> d
    boolean isActive() -> a
    kotlinx.coroutines.NodeList getList() -> c
kotlinx.coroutines.Incomplete -> r0.j1:
    boolean isActive() -> a
    kotlinx.coroutines.NodeList getList() -> c
kotlinx.coroutines.IncompleteStateBox -> r0.k1:
    kotlinx.coroutines.Incomplete state -> a
kotlinx.coroutines.InvokeOnCancel -> r0.l1:
    kotlin.jvm.functions.Function1 handler -> d
    void invoke(java.lang.Throwable) -> a
kotlinx.coroutines.InvokeOnCancelling -> r0.m1:
    kotlin.jvm.functions.Function1 handler -> h
    java.util.concurrent.atomic.AtomicIntegerFieldUpdater _invoked$FU -> i
    void invoke(java.lang.Throwable) -> y
kotlinx.coroutines.InvokeOnCompletion -> r0.n1:
    kotlin.jvm.functions.Function1 handler -> h
    void invoke(java.lang.Throwable) -> y
kotlinx.coroutines.Job -> r0.o1:
    kotlinx.coroutines.Job$Key Key -> c
    boolean isActive() -> a
    void cancel(java.util.concurrent.CancellationException) -> c
    kotlinx.coroutines.DisposableHandle invokeOnCompletion(boolean,boolean,kotlin.jvm.functions.Function1) -> e
    java.util.concurrent.CancellationException getCancellationException() -> i
    boolean start() -> j
    kotlinx.coroutines.ChildHandle attachChild(kotlinx.coroutines.ChildJob) -> n
kotlinx.coroutines.Job$DefaultImpls -> r0.o1$a:
    void cancel$default(kotlinx.coroutines.Job,java.util.concurrent.CancellationException,int,java.lang.Object) -> a
    java.lang.Object fold(kotlinx.coroutines.Job,java.lang.Object,kotlin.jvm.functions.Function2) -> b
    kotlin.coroutines.CoroutineContext$Element get(kotlinx.coroutines.Job,kotlin.coroutines.CoroutineContext$Key) -> c
    kotlinx.coroutines.DisposableHandle invokeOnCompletion$default(kotlinx.coroutines.Job,boolean,boolean,kotlin.jvm.functions.Function1,int,java.lang.Object) -> d
    kotlin.coroutines.CoroutineContext minusKey(kotlinx.coroutines.Job,kotlin.coroutines.CoroutineContext$Key) -> e
    kotlin.coroutines.CoroutineContext plus(kotlinx.coroutines.Job,kotlin.coroutines.CoroutineContext) -> f
kotlinx.coroutines.Job$Key -> r0.o1$b:
    kotlinx.coroutines.Job$Key $$INSTANCE -> d
kotlinx.coroutines.JobCancellationException -> r0.p1:
    kotlinx.coroutines.Job job -> d
    java.lang.Throwable createCopy() -> a
    kotlinx.coroutines.JobCancellationException createCopy() -> b
kotlinx.coroutines.JobCancellingNode -> r0.q1:
kotlinx.coroutines.JobImpl -> r0.r1:
    boolean handlesException -> e
    boolean getHandlesException$kotlinx_coroutines_core() -> L
    boolean getOnCancelComplete$kotlinx_coroutines_core() -> M
    boolean handlesException() -> t0