build/app/outputs/mapping/release/usage.txt
com.example.main.BuildConfig
com.example.main.R$attr
com.example.main.R$color
com.example.main.R$dimen
com.example.main.R$drawable
com.example.main.R$id
com.example.main.R$integer
com.example.main.R$layout
com.example.main.R$mipmap
com.example.main.R$string
com.example.main.R$style
com.example.main.R$styleable
com.example.main.R
...
kotlinx.coroutines.flow.FlowKt__ShareKt$launchSharing$1
kotlinx.coroutines.flow.FlowKt__ShareKt$launchSharingDeferred$1$invokeSuspend$$inlined$collect$1
kotlinx.coroutines.flow.FlowKt__ShareKt$launchSharingDeferred$1
kotlinx.coroutines.flow.FlowKt__ShareKt
kotlinx.coroutines.flow.FlowKt__TransformKt$filter$$inlined$unsafeTransform$1$1
kotlinx.coroutines.flow.FlowKt__TransformKt$filter$$inlined$unsafeTransform$1$2$1
kotlinx.coroutines.flow.FlowKt__TransformKt$filter$$inlined$unsafeTransform$1$2
kotlinx.coroutines.flow.FlowKt__TransformKt$filter$$inlined$unsafeTransform$1
kotlinx.coroutines.flow.FlowKt__TransformKt$filterIsInstance$$inlined$filter$1$1
kotlinx.coroutines.flow.FlowKt__TransformKt$filterIsInstance$$inlined$filter$1$2$1
kotlinx.coroutines.flow.FlowKt__TransformKt$filterIsInstance$$inlined$filter$1$2
kotlinx.coroutines.flow.FlowKt__TransformKt$filterIsInstance$$inlined$filter$1
kotlinx.coroutines.flow.FlowKt__TransformKt$filterNot$$inlined$unsafeTransform$1$1
kotlinx.coroutines.flow.FlowKt__TransformKt$filterNot$$inlined$unsafeTransform$1$2$1
kotlinx.coroutines.flow.FlowKt__TransformKt$filterNot$$inlined$unsafeTransform$1$2
kotlinx.coroutines.flow.FlowKt__TransformKt$filterNot$$inlined$unsafeTransform$1
kotlinx.coroutines.flow.FlowKt__TransformKt$filterNotNull$$inlined$unsafeTransform$1$2$1
kotlinx.coroutines.flow.FlowKt__TransformKt$filterNotNull$$inlined$unsafeTransform$1$2
kotlinx.coroutines.flow.FlowKt__TransformKt$filterNotNull$$inlined$unsafeTransform$1
kotlinx.coroutines.flow.FlowKt__TransformKt$map$$inlined$unsafeTransform$1$1
kotlinx.coroutines.flow.FlowKt__TransformKt$map$$inlined$unsafeTransform$1$2$1
kotlinx.coroutines.flow.FlowKt__TransformKt$map$$inlined$unsafeTransform$1$2
kotlinx.coroutines.flow.FlowKt__TransformKt$map$$inlined$unsafeTransform$1
kotlinx.coroutines.flow.FlowKt__TransformKt$mapNotNull$$inlined$unsafeTransform$1$1
kotlinx.coroutines.flow.FlowKt__TransformKt$mapNotNull$$inlined$unsafeTransform$1$2$1
kotlinx.coroutines.flow.FlowKt__TransformKt$mapNotNull$$inlined$unsafeTransform$1$2
kotlinx.coroutines.flow.FlowKt__TransformKt$mapNotNull$$inlined$unsafeTransform$1
kotlinx.coroutines.flow.FlowKt__TransformKt$onEach$$inlined$unsafeTransform$1$2$1
kotlinx.coroutines.flow.FlowKt__TransformKt$onEach$$inlined$unsafeTransform$1$2
kotlinx.coroutines.flow.FlowKt__TransformKt$onEach$$inlined$unsafeTransform$1
kotlinx.coroutines.flow.FlowKt__TransformKt$runningFold$$inlined$unsafeFlow$1$1
kotlinx.coroutines.flow.FlowKt__TransformKt$runningFold$$inlined$unsafeFlow$1
kotlinx.coroutines.flow.FlowKt__TransformKt$runningFold$lambda-10$$inlined$collect$1$1
kotlinx.coroutines.flow.FlowKt__TransformKt$runningFold$lambda-10$$inlined$collect$1
kotlinx.coroutines.flow.FlowKt__TransformKt$runningReduce$$inlined$unsafeFlow$1
kotlinx.coroutines.flow.FlowKt__TransformKt$runningReduce$lambda-12$$inlined$collect$1$1
kotlinx.coroutines.flow.FlowKt__TransformKt$runningReduce$lambda-12$$inlined$collect$1
kotlinx.coroutines.flow.FlowKt__TransformKt$withIndex$$inlined$unsafeFlow$1
kotlinx.coroutines.flow.FlowKt__TransformKt$withIndex$lambda-7$$inlined$collect$1
kotlinx.coroutines.flow.FlowKt__TransformKt
kotlinx.coroutines.flow.FlowKt__ZipKt$combine$$inlined$combineUnsafe$FlowKt__ZipKt$1$2
kotlinx.coroutines.flow.FlowKt__ZipKt$combine$$inlined$combineUnsafe$FlowKt__ZipKt$1
kotlinx.coroutines.flow.FlowKt__ZipKt$combine$$inlined$combineUnsafe$FlowKt__ZipKt$2$2
kotlinx.coroutines.flow.FlowKt__ZipKt$combine$$inlined$combineUnsafe$FlowKt__ZipKt$2
kotlinx.coroutines.flow.FlowKt__ZipKt$combine$$inlined$combineUnsafe$FlowKt__ZipKt$3$2
kotlinx.coroutines.flow.FlowKt__ZipKt$combine$$inlined$combineUnsafe$FlowKt__ZipKt$3
kotlinx.coroutines.flow.FlowKt__ZipKt$combine$$inlined$unsafeFlow$1
kotlinx.coroutines.flow.FlowKt__ZipKt$combine$$inlined$unsafeFlow$2$1
kotlinx.coroutines.flow.FlowKt__ZipKt$combine$$inlined$unsafeFlow$2
kotlinx.coroutines.flow.FlowKt__ZipKt$combine$$inlined$unsafeFlow$3$1